<?xml version="1.0" encoding="UTF-8"?>
<!-- Generated by org.testng.reporters.JUnitReportReporter -->
<testsuite hostname="LAPTOP-7RD0H540" failures="0" tests="6" name="objectRepository.testNgSmRe" time="159.834" errors="0" timestamp="2021-05-07T19:00:51 IST" skipped="0">
  <testcase classname="objectRepository.testNgSmRe" name="Test1" time="4.053"/>
  <system-out/>
  <testcase classname="objectRepository.testNgSmRe" name="Test2" time="21.329"/>
  <system-out/>
  <testcase classname="objectRepository.testNgSmRe" name="Test3" time="18.693"/>
  <system-out/>
  <testcase classname="objectRepository.testNgSmRe" name="Test4" time="20.673"/>
  <system-out/>
  <testcase classname="objectRepository.testNgSmRe" name="Test5" time="5.126"/>
  <system-out/>
  <testcase classname="objectRepository.testNgSmRe" name="TestReg" time="89.960"/>
  <system-out/>
</testsuite> <!-- objectRepository.testNgSmRe -->
