<?xml version="1.0" encoding="UTF-8"?>
<!-- Generated by org.testng.reporters.JUnitReportReporter -->
<testsuite hostname="LAPTOP-7RD0H540" failures="0" tests="1" name="objectRepository.TestNg_hack" time="92.368" errors="0" timestamp="2021-05-07T18:21:53 IST" skipped="0">
  <testcase classname="objectRepository.TestNg_hack" name="Test1" time="92.368"/>
  <system-out/>
</testsuite> <!-- objectRepository.TestNg_hack -->
