<?xml version="1.0" encoding="UTF-8"?>
<!-- Generated by org.testng.reporters.JUnitReportReporter -->
<testsuite hostname="LAPTOP-7RD0H540" failures="0" tests="8" name="base.BaseUI" time="26.591" errors="0" timestamp="2021-05-01T18:18:26 IST" skipped="0">
  <testcase classname="base.BaseUI" name="setBrowser" time="1.608"/>
  <system-out/>
  <testcase classname="base.BaseUI" name="getLink" time="1.292"/>
  <system-out/>
  <testcase classname="base.BaseUI" name="searchDestination" time="5.241"/>
  <system-out/>
  <testcase classname="base.BaseUI" name="clickHolHom" time="15.773"/>
  <system-out/>
  <testcase classname="base.BaseUI" name="Check_IN_OUT" time="0.764"/>
  <system-out/>
  <testcase classname="base.BaseUI" name="selAdult" time="0.311"/>
  <system-out/>
  <testcase classname="base.BaseUI" name="sortRating" time="1.326"/>
  <system-out/>
  <testcase classname="base.BaseUI" name="selAmenities" time="0.276"/>
  <system-out/>
</testsuite> <!-- base.BaseUI -->
