<?xml version="1.0" encoding="UTF-8"?>
<!-- Generated by org.testng.reporters.JUnitReportReporter -->
<testsuite hostname="LAPTOP-7RD0H540" failures="0" tests="1" name="objectRepository.TestNg_hack" time="94.480" errors="0" timestamp="2021-05-07T19:09:33 IST" skipped="0">
  <testcase classname="objectRepository.TestNg_hack" name="Test1" time="94.480"/>
  <system-out/>
</testsuite> <!-- objectRepository.TestNg_hack -->
